#
# There is insufficient memory for the Java Runtime Environment to continue.
# Native memory allocation (malloc) failed to allocate 475376 bytes for Chunk::new
# Possible reasons:
#   The system is out of physical RAM or swap space
#   The process is running with CompressedOops enabled, and the Java Heap may be blocking the growth of the native heap
# Possible solutions:
#   Reduce memory load on the system
#   Increase physical memory or swap space
#   Check if swap backing store is full
#   Decrease Java heap size (-Xmx/-Xms)
#   Decrease number of Java threads
#   Decrease Java thread stack sizes (-Xss)
#   Set larger code cache with -XX:ReservedCodeCacheSize=
#   JVM is running with Unscaled Compressed Oops mode in which the Java heap is
#     placed in the first 4GB address space. The Java Heap base address is the
#     maximum limit for the native heap growth. Please use -XX:HeapBaseMinAddress
#     to set the Java Heap base and to place the Java Heap above 4GB virtual address.
# This output file may be truncated or incomplete.
#
#  Out of Memory Error (./src/hotspot/share/memory/arena.cpp:197), pid=8904, tid=13592
#
# JRE version: OpenJDK Runtime Environment Microsoft-7208460 (11.0.18+10) (build 11.0.18+10-LTS)
# Java VM: OpenJDK 64-Bit Server VM Microsoft-7208460 (11.0.18+10-LTS, mixed mode, tiered, compressed oops, g1 gc, windows-amd64)
# No core dump will be written. Minidumps are not enabled by default on client versions of Windows
#

---------------  S U M M A R Y ------------

Command Line: -Xmx64m -Xms64m -Dorg.gradle.appname=gradlew org.gradle.wrapper.GradleWrapperMain tasks

Host: 11th Gen Intel(R) Core(TM) i5-1135G7 @ 2.40GHz, 8 cores, 7G,  Windows 10 , 64 bit Build 19041 (10.0.19041.3155)
Time: Tue Aug 15 17:46:32 2023 India Standard Time elapsed time: 0.501825 seconds (0d 0h 0m 0s)

---------------  T H R E A D  ---------------

Current thread (0x0000027e7daf5000):  JavaThread "C2 CompilerThread0" daemon [_thread_in_native, id=13592, stack(0x000000c1d5a00000,0x000000c1d5b00000)]


Current CompileTask:
C2:    501  850   !   4       jdk.internal.loader.URLClassPath$JarLoader::getResource (65 bytes)

Stack: [0x000000c1d5a00000,0x000000c1d5b00000]
Native frames: (J=compiled Java code, j=interpreted, Vv=VM code, C=native code)
V  [jvm.dll+0x62bf8a]
V  [jvm.dll+0x7b8fb9]
V  [jvm.dll+0x7ba6a8]
V  [jvm.dll+0x7bad83]
V  [jvm.dll+0x250248]
V  [jvm.dll+0xc260c]
V  [jvm.dll+0xc2bcc]
V  [jvm.dll+0x35e1c7]
V  [jvm.dll+0x19ede1]
V  [jvm.dll+0x209495]
V  [jvm.dll+0x20850d]
V  [jvm.dll+0x18a4b1]
V  [jvm.dll+0x217eec]
V  [jvm.dll+0x21612b]
V  [jvm.dll+0x77bac0]
V  [jvm.dll+0x7749f4]
V  [jvm.dll+0x62adf5]
C  [ucrtbase.dll+0x21bb2]
C  [KERNEL32.DLL+0x17614]
C  [ntdll.dll+0x526b1]


---------------  P R O C E S S  ---------------

Threads class SMR info:
_java_thread_list=0x0000027e7ef552b0, length=12, elements={
0x0000027e78363800, 0x0000027e7dadc800, 0x0000027e7dadd800, 0x0000027e7db49800,
0x0000027e7db4b800, 0x0000027e7db4d000, 0x0000027e7daf5000, 0x0000027e7daf6000,
0x0000027e7daf7000, 0x0000027e7ddd1800, 0x0000027e7e02b000, 0x0000027e7e877800
}

Java Threads: ( => current thread )
  0x0000027e78363800 JavaThread "main" [_thread_in_Java, id=13472, stack(0x000000c1d4e00000,0x000000c1d4f00000)]
  0x0000027e7dadc800 JavaThread "Reference Handler" daemon [_thread_blocked, id=16444, stack(0x000000c1d5500000,0x000000c1d5600000)]
  0x0000027e7dadd800 JavaThread "Finalizer" daemon [_thread_blocked, id=13468, stack(0x000000c1d5600000,0x000000c1d5700000)]
  0x0000027e7db49800 JavaThread "Signal Dispatcher" daemon [_thread_blocked, id=8180, stack(0x000000c1d5700000,0x000000c1d5800000)]
  0x0000027e7db4b800 JavaThread "Attach Listener" daemon [_thread_blocked, id=11916, stack(0x000000c1d5800000,0x000000c1d5900000)]
  0x0000027e7db4d000 JavaThread "Service Thread" daemon [_thread_blocked, id=12104, stack(0x000000c1d5900000,0x000000c1d5a00000)]
=>0x0000027e7daf5000 JavaThread "C2 CompilerThread0" daemon [_thread_in_native, id=13592, stack(0x000000c1d5a00000,0x000000c1d5b00000)]
  0x0000027e7daf6000 JavaThread "C1 CompilerThread0" daemon [_thread_blocked, id=2888, stack(0x000000c1d5b00000,0x000000c1d5c00000)]
  0x0000027e7daf7000 JavaThread "Sweeper thread" daemon [_thread_blocked, id=9156, stack(0x000000c1d5c00000,0x000000c1d5d00000)]
  0x0000027e7ddd1800 JavaThread "Common-Cleaner" daemon [_thread_blocked, id=14016, stack(0x000000c1d5e00000,0x000000c1d5f00000)]
  0x0000027e7e02b000 JavaThread "C2 CompilerThread1" daemon [_thread_blocked, id=1320, stack(0x000000c1d5f00000,0x000000c1d6000000)]
  0x0000027e7e877800 JavaThread "C2 CompilerThread2" daemon [_thread_blocked, id=10044, stack(0x000000c1d6100000,0x000000c1d6200000)]

Other Threads:
  0x0000027e7dab7800 VMThread "VM Thread" [stack: 0x000000c1d5400000,0x000000c1d5500000] [id=16752]
  0x0000027e7ddc7800 WatcherThread [stack: 0x000000c1d5d00000,0x000000c1d5e00000] [id=12752]
  0x0000027e7837d000 GCTaskThread "GC Thread#0" [stack: 0x000000c1d4f00000,0x000000c1d5000000] [id=7184]
  0x0000027e7e849800 GCTaskThread "GC Thread#1" [stack: 0x000000c1d6000000,0x000000c1d6100000] [id=8092]
  0x0000027e78387800 ConcurrentGCThread "G1 Main Marker" [stack: 0x000000c1d5000000,0x000000c1d5100000] [id=14792]
  0x0000027e78389000 ConcurrentGCThread "G1 Conc#0" [stack: 0x000000c1d5100000,0x000000c1d5200000] [id=2800]
  0x0000027e783ef000 ConcurrentGCThread "G1 Refine#0" [stack: 0x000000c1d5200000,0x000000c1d5300000] [id=6208]
  0x0000027e783f0000 ConcurrentGCThread "G1 Young RemSet Sampling" [stack: 0x000000c1d5300000,0x000000c1d5400000] [id=8208]

Threads with active compile tasks:
C2 CompilerThread0      515  850   !   4       jdk.internal.loader.URLClassPath$JarLoader::getResource (65 bytes)

VM state:not at safepoint (normal execution)

VM Mutex/Monitor currently owned by a thread: None

Heap address: 0x00000000fc000000, size: 64 MB, Compressed Oops mode: 32-bit
Narrow klass base: 0x0000000000000000, Narrow klass shift: 3
Compressed class space size: 1073741824 Address: 0x0000000100000000

Heap:
 garbage-first heap   total 65536K, used 13328K [0x00000000fc000000, 0x0000000100000000)
  region size 1024K, 7 young (7168K), 3 survivors (3072K)
 Metaspace       used 11157K, capacity 11387K, committed 11520K, reserved 1058816K
  class space    used 1169K, capacity 1242K, committed 1280K, reserved 1048576K
Heap Regions: E=young(eden), S=young(survivor), O=old, HS=humongous(starts), HC=humongous(continues), CS=collection set, F=free, A=archive, TAMS=top-at-mark-start (previous, next)
|   0|0x00000000fc000000, 0x00000000fc100000, 0x00000000fc100000|100%|HS|  |TAMS 0x00000000fc000000, 0x00000000fc000000| Complete 
|   1|0x00000000fc100000, 0x00000000fc200000, 0x00000000fc200000|100%|HC|  |TAMS 0x00000000fc100000, 0x00000000fc100000| Complete 
|   2|0x00000000fc200000, 0x00000000fc300000, 0x00000000fc300000|100%|HC|  |TAMS 0x00000000fc200000, 0x00000000fc200000| Complete 
|   3|0x00000000fc300000, 0x00000000fc400000, 0x00000000fc400000|100%|HC|  |TAMS 0x00000000fc300000, 0x00000000fc300000| Complete 
|   4|0x00000000fc400000, 0x00000000fc500000, 0x00000000fc500000|100%| O|  |TAMS 0x00000000fc400000, 0x00000000fc400000| Untracked 
|   5|0x00000000fc500000, 0x00000000fc600000, 0x00000000fc600000|100%| O|  |TAMS 0x00000000fc500000, 0x00000000fc500000| Untracked 
|   6|0x00000000fc600000, 0x00000000fc700000, 0x00000000fc700000|100%| O|  |TAMS 0x00000000fc600000, 0x00000000fc600000| Untracked 
|   7|0x00000000fc700000, 0x00000000fc704000, 0x00000000fc800000|  1%| O|  |TAMS 0x00000000fc700000, 0x00000000fc700000| Untracked 
|   8|0x00000000fc800000, 0x00000000fc800000, 0x00000000fc900000|  0%| F|  |TAMS 0x00000000fc800000, 0x00000000fc800000| Untracked 
|   9|0x00000000fc900000, 0x00000000fc900000, 0x00000000fca00000|  0%| F|  |TAMS 0x00000000fc900000, 0x00000000fc900000| Untracked 
|  10|0x00000000fca00000, 0x00000000fca00000, 0x00000000fcb00000|  0%| F|  |TAMS 0x00000000fca00000, 0x00000000fca00000| Untracked 
|  11|0x00000000fcb00000, 0x00000000fcb00000, 0x00000000fcc00000|  0%| F|  |TAMS 0x00000000fcb00000, 0x00000000fcb00000| Untracked 
|  12|0x00000000fcc00000, 0x00000000fcc00000, 0x00000000fcd00000|  0%| F|  |TAMS 0x00000000fcc00000, 0x00000000fcc00000| Untracked 
|  13|0x00000000fcd00000, 0x00000000fcd00000, 0x00000000fce00000|  0%| F|  |TAMS 0x00000000fcd00000, 0x00000000fcd00000| Untracked 
|  14|0x00000000fce00000, 0x00000000fce00000, 0x00000000fcf00000|  0%| F|  |TAMS 0x00000000fce00000, 0x00000000fce00000| Untracked 
|  15|0x00000000fcf00000, 0x00000000fcf00000, 0x00000000fd000000|  0%| F|  |TAMS 0x00000000fcf00000, 0x00000000fcf00000| Untracked 
|  16|0x00000000fd000000, 0x00000000fd000000, 0x00000000fd100000|  0%| F|  |TAMS 0x00000000fd000000, 0x00000000fd000000| Untracked 
|  17|0x00000000fd100000, 0x00000000fd100000, 0x00000000fd200000|  0%| F|  |TAMS 0x00000000fd100000, 0x00000000fd100000| Untracked 
|  18|0x00000000fd200000, 0x00000000fd200000, 0x00000000fd300000|  0%| F|  |TAMS 0x00000000fd200000, 0x00000000fd200000| Untracked 
|  19|0x00000000fd300000, 0x00000000fd300000, 0x00000000fd400000|  0%| F|  |TAMS 0x00000000fd300000, 0x00000000fd300000| Untracked 
|  20|0x00000000fd400000, 0x00000000fd400000, 0x00000000fd500000|  0%| F|  |TAMS 0x00000000fd400000, 0x00000000fd400000| Untracked 
|  21|0x00000000fd500000, 0x00000000fd500000, 0x00000000fd600000|  0%| F|  |TAMS 0x00000000fd500000, 0x00000000fd500000| Untracked 
|  22|0x00000000fd600000, 0x00000000fd600000, 0x00000000fd700000|  0%| F|  |TAMS 0x00000000fd600000, 0x00000000fd600000| Untracked 
|  23|0x00000000fd700000, 0x00000000fd700000, 0x00000000fd800000|  0%| F|  |TAMS 0x00000000fd700000, 0x00000000fd700000| Untracked 
|  24|0x00000000fd800000, 0x00000000fd800000, 0x00000000fd900000|  0%| F|  |TAMS 0x00000000fd800000, 0x00000000fd800000| Untracked 
|  25|0x00000000fd900000, 0x00000000fd900000, 0x00000000fda00000|  0%| F|  |TAMS 0x00000000fd900000, 0x00000000fd900000| Untracked 
|  26|0x00000000fda00000, 0x00000000fda00000, 0x00000000fdb00000|  0%| F|  |TAMS 0x00000000fda00000, 0x00000000fda00000| Untracked 
|  27|0x00000000fdb00000, 0x00000000fdb00000, 0x00000000fdc00000|  0%| F|  |TAMS 0x00000000fdb00000, 0x00000000fdb00000| Untracked 
|  28|0x00000000fdc00000, 0x00000000fdc00000, 0x00000000fdd00000|  0%| F|  |TAMS 0x00000000fdc00000, 0x00000000fdc00000| Untracked 
|  29|0x00000000fdd00000, 0x00000000fdd00000, 0x00000000fde00000|  0%| F|  |TAMS 0x00000000fdd00000, 0x00000000fdd00000| Untracked 
|  30|0x00000000fde00000, 0x00000000fde00000, 0x00000000fdf00000|  0%| F|  |TAMS 0x00000000fde00000, 0x00000000fde00000| Untracked 
|  31|0x00000000fdf00000, 0x00000000fdf00000, 0x00000000fe000000|  0%| F|  |TAMS 0x00000000fdf00000, 0x00000000fdf00000| Untracked 
|  32|0x00000000fe000000, 0x00000000fe000000, 0x00000000fe100000|  0%| F|  |TAMS 0x00000000fe000000, 0x00000000fe000000| Untracked 
|  33|0x00000000fe100000, 0x00000000fe100000, 0x00000000fe200000|  0%| F|  |TAMS 0x00000000fe100000, 0x00000000fe100000| Untracked 
|  34|0x00000000fe200000, 0x00000000fe200000, 0x00000000fe300000|  0%| F|  |TAMS 0x00000000fe200000, 0x00000000fe200000| Untracked 
|  35|0x00000000fe300000, 0x00000000fe300000, 0x00000000fe400000|  0%| F|  |TAMS 0x00000000fe300000, 0x00000000fe300000| Untracked 
|  36|0x00000000fe400000, 0x00000000fe400000, 0x00000000fe500000|  0%| F|  |TAMS 0x00000000fe400000, 0x00000000fe400000| Untracked 
|  37|0x00000000fe500000, 0x00000000fe600000, 0x00000000fe600000|100%| S|CS|TAMS 0x00000000fe500000, 0x00000000fe500000| Complete 
|  38|0x00000000fe600000, 0x00000000fe700000, 0x00000000fe700000|100%| S|CS|TAMS 0x00000000fe600000, 0x00000000fe600000| Complete 
|  39|0x00000000fe700000, 0x00000000fe800000, 0x00000000fe800000|100%| S|CS|TAMS 0x00000000fe700000, 0x00000000fe700000| Complete 
|  40|0x00000000fe800000, 0x00000000fe800000, 0x00000000fe900000|  0%| F|  |TAMS 0x00000000fe800000, 0x00000000fe800000| Untracked 
|  41|0x00000000fe900000, 0x00000000fe900000, 0x00000000fea00000|  0%| F|  |TAMS 0x00000000fe900000, 0x00000000fe900000| Untracked 
|  42|0x00000000fea00000, 0x00000000fea00000, 0x00000000feb00000|  0%| F|  |TAMS 0x00000000fea00000, 0x00000000fea00000| Untracked 
|  43|0x00000000feb00000, 0x00000000feb00000, 0x00000000fec00000|  0%| F|  |TAMS 0x00000000feb00000, 0x00000000feb00000| Untracked 
|  44|0x00000000fec00000, 0x00000000fec00000, 0x00000000fed00000|  0%| F|  |TAMS 0x00000000fec00000, 0x00000000fec00000| Untracked 
|  45|0x00000000fed00000, 0x00000000fed00000, 0x00000000fee00000|  0%| F|  |TAMS 0x00000000fed00000, 0x00000000fed00000| Untracked 
|  46|0x00000000fee00000, 0x00000000fee00000, 0x00000000fef00000|  0%| F|  |TAMS 0x00000000fee00000, 0x00000000fee00000| Untracked 
|  47|0x00000000fef00000, 0x00000000fef00000, 0x00000000ff000000|  0%| F|  |TAMS 0x00000000fef00000, 0x00000000fef00000| Untracked 
|  48|0x00000000ff000000, 0x00000000ff000000, 0x00000000ff100000|  0%| F|  |TAMS 0x00000000ff000000, 0x00000000ff000000| Untracked 
|  49|0x00000000ff100000, 0x00000000ff100000, 0x00000000ff200000|  0%| F|  |TAMS 0x00000000ff100000, 0x00000000ff100000| Untracked 
|  50|0x00000000ff200000, 0x00000000ff200000, 0x00000000ff300000|  0%| F|  |TAMS 0x00000000ff200000, 0x00000000ff200000| Untracked 
|  51|0x00000000ff300000, 0x00000000ff300000, 0x00000000ff400000|  0%| F|  |TAMS 0x00000000ff300000, 0x00000000ff300000| Untracked 
|  52|0x00000000ff400000, 0x00000000ff400000, 0x00000000ff500000|  0%| F|  |TAMS 0x00000000ff400000, 0x00000000ff400000| Untracked 
|  53|0x00000000ff500000, 0x00000000ff500000, 0x00000000ff600000|  0%| F|  |TAMS 0x00000000ff500000, 0x00000000ff500000| Untracked 
|  54|0x00000000ff600000, 0x00000000ff600000, 0x00000000ff700000|  0%| F|  |TAMS 0x00000000ff600000, 0x00000000ff600000| Untracked 
|  55|0x00000000ff700000, 0x00000000ff700000, 0x00000000ff800000|  0%| F|  |TAMS 0x00000000ff700000, 0x00000000ff700000| Untracked 
|  56|0x00000000ff800000, 0x00000000ff800000, 0x00000000ff900000|  0%| F|  |TAMS 0x00000000ff800000, 0x00000000ff800000| Untracked 
|  57|0x00000000ff900000, 0x00000000ff900000, 0x00000000ffa00000|  0%| F|  |TAMS 0x00000000ff900000, 0x00000000ff900000| Untracked 
|  58|0x00000000ffa00000, 0x00000000ffa00000, 0x00000000ffb00000|  0%| F|  |TAMS 0x00000000ffa00000, 0x00000000ffa00000| Untracked 
|  59|0x00000000ffb00000, 0x00000000ffb00000, 0x00000000ffc00000|  0%| F|  |TAMS 0x00000000ffb00000, 0x00000000ffb00000| Untracked 
|  60|0x00000000ffc00000, 0x00000000ffc80800, 0x00000000ffd00000| 50%| E|  |TAMS 0x00000000ffc00000, 0x00000000ffc00000| Complete 
|  61|0x00000000ffd00000, 0x00000000ffe00000, 0x00000000ffe00000|100%| E|CS|TAMS 0x00000000ffd00000, 0x00000000ffd00000| Complete 
|  62|0x00000000ffe00000, 0x00000000fff00000, 0x00000000fff00000|100%| E|CS|TAMS 0x00000000ffe00000, 0x00000000ffe00000| Complete 
|  63|0x00000000fff00000, 0x0000000100000000, 0x0000000100000000|100%| E|CS|TAMS 0x00000000fff00000, 0x00000000fff00000| Complete 

Card table byte_map: [0x0000027e7a6a0000,0x0000027e7a6c0000] _byte_map_base: 0x0000027e79ec0000

Marking Bits (Prev, Next): (CMBitMap*) 0x0000027e783865f8, (CMBitMap*) 0x0000027e78386630
 Prev Bits: [0x0000027e7a6e0000, 0x0000027e7a7e0000)
 Next Bits: [0x0000027e7a7e0000, 0x0000027e7a8e0000)

Polling page: 0x0000027e79bf0000

Metaspace:

Usage:
  Non-class:      9.97 MB capacity,     9.78 MB ( 98%) used,   178.44 KB (  2%) free+waste,    12.38 KB ( <1%) overhead. 
      Class:      1.24 MB capacity,     1.15 MB ( 92%) used,    93.72 KB (  7%) free+waste,     6.13 KB ( <1%) overhead. 
       Both:     11.21 MB capacity,    10.93 MB ( 97%) used,   272.16 KB (  2%) free+waste,    18.50 KB ( <1%) overhead. 

Virtual space:
  Non-class space:       10.00 MB reserved,      10.00 MB (100%) committed 
      Class space:        1.00 GB reserved,       1.25 MB ( <1%) committed 
             Both:        1.01 GB reserved,      11.25 MB (  1%) committed 

Chunk freelists:
   Non-Class:  31.00 KB
       Class:  6.00 KB
        Both:  37.00 KB

MaxMetaspaceSize: 17179869184.00 GB
CompressedClassSpaceSize: 1.00 GB
Initial GC threshold: 20.80 MB
Current GC threshold: 20.80 MB
CDS: off

CodeHeap 'non-profiled nmethods': size=120000Kb used=372Kb max_used=372Kb free=119627Kb
 bounds [0x0000027e10170000, 0x0000027e103e0000, 0x0000027e176a0000]
CodeHeap 'profiled nmethods': size=120000Kb used=1788Kb max_used=1788Kb free=118211Kb
 bounds [0x0000027e08c40000, 0x0000027e08eb0000, 0x0000027e10170000]
CodeHeap 'non-nmethods': size=5760Kb used=1136Kb max_used=1153Kb free=4623Kb
 bounds [0x0000027e086a0000, 0x0000027e08910000, 0x0000027e08c40000]
 total_blobs=1308 nmethods=931 adapters=290
 compilation: enabled
              stopped_count=0, restarted_count=0
 full_count=0

Compilation events (20 events):
Event: 0.492 Thread 0x0000027e7e877800 nmethod 869 0x0000027e101c8110 code [0x0000027e101c82c0, 0x0000027e101c83e8]
Event: 0.492 Thread 0x0000027e7e877800  860   !   4       jdk.internal.loader.URLClassPath$JarLoader::ensureOpen (36 bytes)
Event: 0.493 Thread 0x0000027e7e877800 nmethod 860 0x0000027e101c8510 code [0x0000027e101c86c0, 0x0000027e101c87e8]
Event: 0.493 Thread 0x0000027e7e877800  851       4       java.util.jar.JarFile::getEntry (22 bytes)
Event: 0.494 Thread 0x0000027e7daf6000  916       3       java.security.CodeSource::<init> (52 bytes)
Event: 0.495 Thread 0x0000027e7daf6000 nmethod 916 0x0000027e08df1090 code [0x0000027e08df1280, 0x0000027e08df17f8]
Event: 0.495 Thread 0x0000027e7daf6000  917       3       java.security.SecureClassLoader::getProtectionDomain (38 bytes)
Event: 0.495 Thread 0x0000027e7daf6000 nmethod 917 0x0000027e08df1910 code [0x0000027e08df1b20, 0x0000027e08df2168]
Event: 0.495 Thread 0x0000027e7daf6000  918       3       java.security.SecureClassLoader$CodeSourceKey::hashCode (21 bytes)
Event: 0.495 Thread 0x0000027e7e877800 nmethod 851 0x0000027e101c8990 code [0x0000027e101c8b60, 0x0000027e101c8ce8]
Event: 0.495 Thread 0x0000027e7e877800  852       4       java.util.jar.JarFile::getJarEntry (9 bytes)
Event: 0.495 Thread 0x0000027e7daf6000 nmethod 918 0x0000027e08df2310 code [0x0000027e08df24e0, 0x0000027e08df26a8]
Event: 0.495 Thread 0x0000027e7daf6000  919       3       java.lang.ClassLoader::preDefineClass (116 bytes)
Event: 0.497 Thread 0x0000027e7daf6000 nmethod 919 0x0000027e08df2790 code [0x0000027e08df2b60, 0x0000027e08df41d8]
Event: 0.497 Thread 0x0000027e7daf6000  924       3       java.lang.ClassLoader::defineClass (43 bytes)
Event: 0.497 Thread 0x0000027e7daf6000 nmethod 924 0x0000027e08df4a10 code [0x0000027e08df4c20, 0x0000027e08df5118]
Event: 0.497 Thread 0x0000027e7daf6000  920   !   3       java.lang.ClassLoader::checkCerts (195 bytes)
Event: 0.500 Thread 0x0000027e7e877800 nmethod 852 0x0000027e101c9290 code [0x0000027e101c9460, 0x0000027e101c9628]
Event: 0.500 Thread 0x0000027e7e877800  886       4       java.lang.invoke.MethodType::parameterType (7 bytes)
Event: 0.501 Thread 0x0000027e7e877800 nmethod 886 0x0000027e101c9810 code [0x0000027e101c99a0, 0x0000027e101c9a38]

GC Heap History (2 events):
Event: 0.428 GC heap before
{Heap before GC invocations=0 (full 0):
 garbage-first heap   total 65536K, used 27648K [0x00000000fc000000, 0x0000000100000000)
  region size 1024K, 24 young (24576K), 0 survivors (0K)
 Metaspace       used 10590K, capacity 10787K, committed 11008K, reserved 1058816K
  class space    used 1073K, capacity 1167K, committed 1280K, reserved 1048576K
}
Event: 0.436 GC heap after
{Heap after GC invocations=1 (full 0):
 garbage-first heap   total 65536K, used 10256K [0x00000000fc000000, 0x0000000100000000)
  region size 1024K, 3 young (3072K), 3 survivors (3072K)
 Metaspace       used 10590K, capacity 10787K, committed 11008K, reserved 1058816K
  class space    used 1073K, capacity 1167K, committed 1280K, reserved 1048576K
}

Deoptimization events (20 events):
Event: 0.390 Thread 0x0000027e78363800 Uncommon trap: trap_request=0xffffffde fr.pc=0x0000027e1018e3ac relative=0x000000000000038c
Event: 0.390 Thread 0x0000027e78363800 Uncommon trap: reason=class_check action=maybe_recompile pc=0x0000027e1018e3ac method=java.util.regex.Matcher.match(II)Z @ 121 c2
Event: 0.390 Thread 0x0000027e78363800 DEOPT PACKING pc=0x0000027e1018e3ac sp=0x000000c1d4efd130
Event: 0.390 Thread 0x0000027e78363800 DEOPT UNPACKING pc=0x0000027e086a85af sp=0x000000c1d4efd0d8 mode 2
Event: 0.390 Thread 0x0000027e78363800 Uncommon trap: trap_request=0xffffffde fr.pc=0x0000027e1018e3ac relative=0x000000000000038c
Event: 0.390 Thread 0x0000027e78363800 Uncommon trap: reason=class_check action=maybe_recompile pc=0x0000027e1018e3ac method=java.util.regex.Matcher.match(II)Z @ 121 c2
Event: 0.390 Thread 0x0000027e78363800 DEOPT PACKING pc=0x0000027e1018e3ac sp=0x000000c1d4efd130
Event: 0.390 Thread 0x0000027e78363800 DEOPT UNPACKING pc=0x0000027e086a85af sp=0x000000c1d4efd0d8 mode 2
Event: 0.391 Thread 0x0000027e78363800 Uncommon trap: trap_request=0xffffffde fr.pc=0x0000027e1018e3ac relative=0x000000000000038c
Event: 0.391 Thread 0x0000027e78363800 Uncommon trap: reason=class_check action=maybe_recompile pc=0x0000027e1018e3ac method=java.util.regex.Matcher.match(II)Z @ 121 c2
Event: 0.391 Thread 0x0000027e78363800 DEOPT PACKING pc=0x0000027e1018e3ac sp=0x000000c1d4efcfb0
Event: 0.391 Thread 0x0000027e78363800 DEOPT UNPACKING pc=0x0000027e086a85af sp=0x000000c1d4efcf58 mode 2
Event: 0.391 Thread 0x0000027e78363800 Uncommon trap: trap_request=0xffffffde fr.pc=0x0000027e1018e3ac relative=0x000000000000038c
Event: 0.391 Thread 0x0000027e78363800 Uncommon trap: reason=class_check action=maybe_recompile pc=0x0000027e1018e3ac method=java.util.regex.Matcher.match(II)Z @ 121 c2
Event: 0.391 Thread 0x0000027e78363800 DEOPT PACKING pc=0x0000027e1018e3ac sp=0x000000c1d4efcfb0
Event: 0.391 Thread 0x0000027e78363800 DEOPT UNPACKING pc=0x0000027e086a85af sp=0x000000c1d4efcf58 mode 2
Event: 0.394 Thread 0x0000027e78363800 Uncommon trap: trap_request=0xffffff4d fr.pc=0x0000027e101b1750 relative=0x0000000000000210
Event: 0.394 Thread 0x0000027e78363800 Uncommon trap: reason=unstable_if action=reinterpret pc=0x0000027e101b1750 method=java.util.HashMap.hash(Ljava/lang/Object;)I @ 1 c2
Event: 0.394 Thread 0x0000027e78363800 DEOPT PACKING pc=0x0000027e101b1750 sp=0x000000c1d4efd090
Event: 0.394 Thread 0x0000027e78363800 DEOPT UNPACKING pc=0x0000027e086a85af sp=0x000000c1d4efcfc8 mode 2

Classes redefined (0 events):
No events

Internal exceptions (8 events):
Event: 0.123 Thread 0x0000027e78363800 Exception <a 'java/lang/NoSuchMethodError'{0x00000000ffc62728}: 'int java.lang.invoke.DirectMethodHandle$Holder.invokeStaticInit(java.lang.Object, java.lang.Object)'> (0x00000000ffc62728) thrown at [./src/hotspot/share/interpreter/linkResolver.cpp, line 773]
Event: 0.142 Thread 0x0000027e78363800 Exception <a 'java/lang/NoSuchMethodError'{0x00000000ffb38ce8}: 'int java.lang.invoke.DirectMethodHandle$Holder.invokeSpecial(java.lang.Object, java.lang.Object, java.lang.Object, java.lang.Object)'> (0x00000000ffb38ce8) thrown at [./src/hotspot/share/interpreter/linkResolver.cpp, line 773]
Event: 0.146 Thread 0x0000027e78363800 Exception <a 'java/lang/NoSuchMethodError'{0x00000000ffb71648}: 'int java.lang.invoke.DirectMethodHandle$Holder.invokeSpecialIFC(java.lang.Object, java.lang.Object, int)'> (0x00000000ffb71648) thrown at [./src/hotspot/share/interpreter/linkResolver.cpp, line 773]
Event: 0.394 Thread 0x0000027e78363800 Implicit null exception at 0x0000027e101b1575 to 0x0000027e101b1740
Event: 0.418 Thread 0x0000027e78363800 Exception <a 'java/lang/NoClassDefFoundError'{0x00000000fe86b790}: org/slf4j/impl/StaticMarkerBinder> (0x00000000fe86b790) thrown at [./src/hotspot/share/classfile/systemDictionary.cpp, line 219]
Event: 0.449 Thread 0x0000027e78363800 Exception <a 'java/lang/NoSuchMethodError'{0x00000000fff6d2d0}: 'java.lang.Object java.lang.invoke.DirectMethodHandle$Holder.invokeVirtual(java.lang.Object, java.lang.Object, java.lang.Object, java.lang.Object, java.lang.Object, java.lang.Object, java.lang.Object)'> (0x00000000fff6d2d0) thrown at [./src/hotspot/share/interpreter/linkResolver.cpp, line 773]
Event: 0.452 Thread 0x0000027e78363800 Exception <a 'java/lang/NoSuchMethodError'{0x00000000fffc1820}: 'java.lang.Object java.lang.invoke.Invokers$Holder.invoker(java.lang.Object, java.lang.Object, java.lang.Object)'> (0x00000000fffc1820) thrown at [./src/hotspot/share/interpreter/linkResolver.cpp, line 773]
Event: 0.461 Thread 0x0000027e78363800 Exception <a 'java/lang/NoSuchMethodError'{0x00000000fffd2560}: 'void java.lang.invoke.DelegatingMethodHandle$Holder.delegate(java.lang.Object, java.lang.Object, int, java.lang.Object)'> (0x00000000fffd2560) thrown at [./src/hotspot/share/interpreter/linkResolver.cpp, line 773]

Events (20 events):
Event: 0.494 loading class net/rubygrapefruit/platform/internal/WindowsTerminals
Event: 0.494 loading class net/rubygrapefruit/platform/internal/WindowsTerminals done
Event: 0.494 loading class net/rubygrapefruit/platform/internal/AbstractTerminals
Event: 0.494 loading class net/rubygrapefruit/platform/internal/AbstractTerminals done
Event: 0.495 loading class net/rubygrapefruit/platform/internal/AbstractTerminals$1
Event: 0.495 loading class net/rubygrapefruit/platform/internal/AbstractTerminals$1 done
Event: 0.495 loading class net/rubygrapefruit/platform/terminal/TerminalOutput
Event: 0.495 loading class net/rubygrapefruit/platform/terminal/TerminalOutput done
Event: 0.495 loading class net/rubygrapefruit/platform/internal/AbstractTerminals$2
Event: 0.495 loading class net/rubygrapefruit/platform/internal/AbstractTerminals$2 done
Event: 0.496 loading class net/rubygrapefruit/platform/terminal/TerminalInput
Event: 0.496 loading class net/rubygrapefruit/platform/terminal/TerminalInput done
Event: 0.496 loading class net/rubygrapefruit/platform/internal/AbstractTerminal
Event: 0.496 loading class net/rubygrapefruit/platform/internal/AbstractTerminal done
Event: 0.496 loading class net/rubygrapefruit/platform/internal/AnsiTerminal
Event: 0.496 loading class net/rubygrapefruit/platform/internal/AnsiTerminal done
Event: 0.497 loading class net/rubygrapefruit/platform/internal/WindowsTerminal
Event: 0.497 loading class net/rubygrapefruit/platform/internal/WindowsTerminal done
Event: 0.500 loading class org/gradle/internal/nativeintegration/console/NativePlatformConsoleDetector
Event: 0.500 loading class org/gradle/internal/nativeintegration/console/NativePlatformConsoleDetector done


Dynamic libraries:
0x00007ff69a270000 - 0x00007ff69a27d000 	C:\Program Files\Microsoft\jdk-11.0.18.10-hotspot\bin\java.exe
0x00007ffe512b0000 - 0x00007ffe514a8000 	C:\Windows\SYSTEM32\ntdll.dll
0x00007ffe4f920000 - 0x00007ffe4f9df000 	C:\Windows\System32\KERNEL32.DLL
0x00007ffe4efc0000 - 0x00007ffe4f2b6000 	C:\Windows\System32\KERNELBASE.dll
0x00007ffe4ede0000 - 0x00007ffe4eee0000 	C:\Windows\System32\ucrtbase.dll
0x00007ffe3d960000 - 0x00007ffe3d977000 	C:\Program Files\Microsoft\jdk-11.0.18.10-hotspot\bin\jli.dll
0x00007ffe47340000 - 0x00007ffe47355000 	C:\Program Files\Microsoft\jdk-11.0.18.10-hotspot\bin\VCRUNTIME140.dll
0x00007ffe510d0000 - 0x00007ffe5126d000 	C:\Windows\System32\USER32.dll
0x00007ffe3e7f0000 - 0x00007ffe3ea8a000 	C:\Windows\WinSxS\amd64_microsoft.windows.common-controls_6595b64144ccf1df_6.0.19041.1110_none_60b5254171f9507e\COMCTL32.dll
0x00007ffe4eee0000 - 0x00007ffe4ef02000 	C:\Windows\System32\win32u.dll
0x00007ffe50340000 - 0x00007ffe503de000 	C:\Windows\System32\msvcrt.dll
0x00007ffe4f3c0000 - 0x00007ffe4f3ec000 	C:\Windows\System32\GDI32.dll
0x00007ffe4ec20000 - 0x00007ffe4ed35000 	C:\Windows\System32\gdi32full.dll
0x00007ffe4ed40000 - 0x00007ffe4eddd000 	C:\Windows\System32\msvcp_win.dll
0x00007ffe4f720000 - 0x00007ffe4f750000 	C:\Windows\System32\IMM32.DLL
0x00007ffe18d30000 - 0x00007ffe18dcb000 	C:\Program Files\Microsoft\jdk-11.0.18.10-hotspot\bin\msvcp140.dll
0x00007ffdef2e0000 - 0x00007ffdefe72000 	C:\Program Files\Microsoft\jdk-11.0.18.10-hotspot\bin\server\jvm.dll
0x00007ffe4f3f0000 - 0x00007ffe4f49f000 	C:\Windows\System32\ADVAPI32.dll
0x00007ffe4f750000 - 0x00007ffe4f7ec000 	C:\Windows\System32\sechost.dll
0x00007ffe50210000 - 0x00007ffe50336000 	C:\Windows\System32\RPCRT4.dll
0x00007ffe50520000 - 0x00007ffe50528000 	C:\Windows\System32\PSAPI.DLL
0x00007ffe454d0000 - 0x00007ffe454f7000 	C:\Windows\SYSTEM32\WINMM.dll
0x00007ffe433c0000 - 0x00007ffe433c9000 	C:\Windows\SYSTEM32\WSOCK32.dll
0x00007ffe503e0000 - 0x00007ffe5044b000 	C:\Windows\System32\WS2_32.dll
0x00007ffe48350000 - 0x00007ffe4835a000 	C:\Windows\SYSTEM32\VERSION.dll
0x00007ffe4d1c0000 - 0x00007ffe4d1d2000 	C:\Windows\SYSTEM32\kernel.appcore.dll
0x00007ffe47330000 - 0x00007ffe47340000 	C:\Program Files\Microsoft\jdk-11.0.18.10-hotspot\bin\verify.dll
0x00007ffe4c5a0000 - 0x00007ffe4c784000 	C:\Windows\SYSTEM32\DBGHELP.DLL
0x00007ffe2d730000 - 0x00007ffe2d764000 	C:\Windows\SYSTEM32\dbgcore.DLL
0x00007ffe4eb60000 - 0x00007ffe4ebe2000 	C:\Windows\System32\bcryptPrimitives.dll
0x00007ffe2cc80000 - 0x00007ffe2cca8000 	C:\Program Files\Microsoft\jdk-11.0.18.10-hotspot\bin\java.dll
0x00007ffe3e100000 - 0x00007ffe3e10a000 	C:\Program Files\Microsoft\jdk-11.0.18.10-hotspot\bin\jimage.dll
0x00007ffe35930000 - 0x00007ffe35948000 	C:\Program Files\Microsoft\jdk-11.0.18.10-hotspot\bin\zip.dll
0x00007ffe4f9e0000 - 0x00007ffe50124000 	C:\Windows\System32\SHELL32.dll
0x00007ffe4ca10000 - 0x00007ffe4d1a3000 	C:\Windows\SYSTEM32\windows.storage.dll
0x00007ffe509b0000 - 0x00007ffe50d04000 	C:\Windows\System32\combase.dll
0x00007ffe4e3d0000 - 0x00007ffe4e3fe000 	C:\Windows\SYSTEM32\Wldp.dll
0x00007ffe50fc0000 - 0x00007ffe5106d000 	C:\Windows\System32\SHCORE.dll
0x00007ffe4f4a0000 - 0x00007ffe4f4f5000 	C:\Windows\System32\shlwapi.dll
0x00007ffe4e8c0000 - 0x00007ffe4e8e5000 	C:\Windows\SYSTEM32\profapi.dll
0x00007ffe2daf0000 - 0x00007ffe2db09000 	C:\Program Files\Microsoft\jdk-11.0.18.10-hotspot\bin\net.dll
0x00007ffe49c00000 - 0x00007ffe49d0a000 	C:\Windows\SYSTEM32\WINHTTP.dll
0x00007ffe4e130000 - 0x00007ffe4e19a000 	C:\Windows\system32\mswsock.dll
0x00007ffe2d8d0000 - 0x00007ffe2d8e3000 	C:\Program Files\Microsoft\jdk-11.0.18.10-hotspot\bin\nio.dll
0x00007ffe29860000 - 0x00007ffe29887000 	C:\Users\DB-L-161\.gradle\native\68d5fa5c4cc2d200863cafc0d521ce42e7d3e7ee720ec0a83991735586a16f82\windows-amd64\native-platform.dll

dbghelp: loaded successfully - version: 4.0.5 - missing functions: none
symbol engine: initialized successfully - sym options: 0x614 - pdb path: .;C:\Program Files\Microsoft\jdk-11.0.18.10-hotspot\bin;C:\Windows\SYSTEM32;C:\Windows\WinSxS\amd64_microsoft.windows.common-controls_6595b64144ccf1df_6.0.19041.1110_none_60b5254171f9507e;C:\Program Files\Microsoft\jdk-11.0.18.10-hotspot\bin\server;C:\Users\DB-L-161\.gradle\native\68d5fa5c4cc2d200863cafc0d521ce42e7d3e7ee720ec0a83991735586a16f82\windows-amd64

VM Arguments:
jvm_args: -Xmx64m -Xms64m -Dorg.gradle.appname=gradlew 
java_command: org.gradle.wrapper.GradleWrapperMain tasks
java_class_path (initial): D:\EcommerceProject\android\\gradle\wrapper\gradle-wrapper.jar
Launcher Type: SUN_STANDARD

[Global flags]
     intx CICompilerCount                          = 4                                         {product} {ergonomic}
     uint ConcGCThreads                            = 2                                         {product} {ergonomic}
     uint G1ConcRefinementThreads                  = 8                                         {product} {ergonomic}
   size_t G1HeapRegionSize                         = 1048576                                   {product} {ergonomic}
    uintx GCDrainStackTargetSize                   = 64                                        {product} {ergonomic}
   size_t InitialHeapSize                          = 67108864                                  {product} {command line}
   size_t MarkStackSize                            = 4194304                                   {product} {ergonomic}
   size_t MaxHeapSize                              = 67108864                                  {product} {command line}
   size_t MaxNewSize                               = 39845888                                  {product} {ergonomic}
   size_t MinHeapDeltaBytes                        = 1048576                                   {product} {ergonomic}
    uintx NonNMethodCodeHeapSize                   = 5836300                                {pd product} {ergonomic}
    uintx NonProfiledCodeHeapSize                  = 122910970                              {pd product} {ergonomic}
    uintx ProfiledCodeHeapSize                     = 122910970                              {pd product} {ergonomic}
    uintx ReservedCodeCacheSize                    = 251658240                              {pd product} {ergonomic}
     bool SegmentedCodeCache                       = true                                      {product} {ergonomic}
     bool UseCompressedClassPointers               = true                                 {lp64_product} {ergonomic}
     bool UseCompressedOops                        = true                                 {lp64_product} {ergonomic}
     bool UseG1GC                                  = true                                      {product} {ergonomic}
     bool UseLargePagesIndividualAllocation        = false                                  {pd product} {ergonomic}

Logging:
Log output configuration:
 #0: stdout all=warning uptime,level,tags
 #1: stderr all=off uptime,level,tags

Environment Variables:
JAVA_HOME=C:\Program Files\Microsoft\jdk-11.0.18.10-hotspot
CLASSPATH=D:\EcommerceProject\android\\gradle\wrapper\gradle-wrapper.jar
PATH=D:\EcommerceProject\node_modules\.bin;D:\node_modules\.bin;C:\Users\DB-L-161\AppData\Roaming\nvm\v18.0.0\node_modules\npm\node_modules\@npmcli\run-script\lib\node-gyp-bin;D:\EcommerceProject\node_modules\.bin;D:\EcommerceProject\node_modules\.bin;D:\node_modules\.bin;C:\Users\DB-L-161\AppData\Roaming\nvm\v18.0.0\node_modules\npm\node_modules\@npmcli\run-script\lib\node-gyp-bin;C:\Users\DB-L-161\bin;C:\Program Files\Git\mingw64\bin;C:\Program Files\Git\usr\local\bin;C:\Program Files\Git\usr\bin;C:\Program Files\Git\usr\bin;C:\Program Files\Git\mingw64\bin;C:\Program Files\Git\usr\bin;C:\Users\DB-L-161\bin;C:\Users\DB-L-161\AppData\Local\Programs\Python\Python310\Scripts;C:\Users\DB-L-161\AppData\Local\Programs\Python\Python310;C:\Program Files\Microsoft\jdk-11.0.18.10-hotspot\bin;C:\Program Files\Microsoft SQL Server\Client SDK\ODBC\170\Tools\Binn;C:\Program Files (x86)\Microsoft SQL Server\150\Tools\Binn;C:\Program Files\Microsoft SQL Server\150\Tools\Binn;C:\Program Files\Microsoft SQL Server\150\DTS\Binn;C:\Program Files\Git\cmd;C:\Users\DB-L-161\AppData\Roaming\nvm;C:\Program Files\nodejs;C:\Program Files\nodejs;C:\Program Files\Git\cmd;C:\Users\DB-L-161;C:\Windows\System32\WindowsPowerShell\v1.0;C:\Windows\System32;C:\Windows\System32\WindowsPowerShell\v1.0;C:\Program Files\dotnet;C:\ProgramData\chocolatey\bin;C:\Users\DB-L-161\C;C:\Program Files\Git\Windows\system32;C:\Users\DB-L-161\AppData\Local\Programs\Microsoft VS Code\bin;C:\Program Files\Azure Data Studio\bin;C:\Users\DB-L-161\AppData\Roaming\nvm;C:\Program Files\nodejs;C:\Users\DB-L-161\AppData\Roaming\npm;C:\src\flutter\bin;C:\Users\DB-L-161\AppData\Local\Android\Sdk\platform-tools;C:\Program Files\Git\usr\bin\vendor_perl;C:\Program Files\Git\usr\bin\core_perl
USERNAME=DB-L-161
SHELL=C:\Program Files\Git\usr\bin\bash.exe
DISPLAY=needs-to-be-defined
LANG=en_US.UTF-8
LC_CTYPE=en_US.UTF-8
TERM=xterm
TMPDIR=C:\Users\DB-L-161\AppData\Local\Temp
OS=Windows_NT
PROCESSOR_IDENTIFIER=Intel64 Family 6 Model 140 Stepping 1, GenuineIntel
TMP=C:\Users\DB-L-161\AppData\Local\Temp
TEMP=C:\Users\DB-L-161\AppData\Local\Temp



---------------  S Y S T E M  ---------------

OS: Windows 10 , 64 bit Build 19041 (10.0.19041.3155)
OS uptime: 2 days 1:03 hours

CPU:total 8 (initial active 8) (4 cores per cpu, 2 threads per core) family 6 model 140 stepping 1 microcode 0xac, cmov, cx8, fxsr, mmx, sse, sse2, sse3, ssse3, sse4.1, sse4.2, popcnt, avx, avx2, aes, clmul, erms, 3dnowpref, lzcnt, ht, tsc, tscinvbit, bmi1, bmi2, adx, evex, sha, fma

Memory: 4k page, system-wide physical 7918M (989M free)
TotalPageFile size 21657M (AvailPageFile size 12M)
current process WorkingSet (physical memory assigned to process): 87M, peak: 89M
current process commit charge ("private bytes"): 161M, peak: 163M

vm_info: OpenJDK 64-Bit Server VM (11.0.18+10-LTS) for windows-amd64 JRE (11.0.18+10-LTS), built on Jan 18 2023 15:56:47 by "MicrosoftCorporation" with MS VC++ 15.9 (VS2017)

END.
