#
# There is insufficient memory for the Java Runtime Environment to continue.
# Native memory allocation (malloc) failed to allocate 334096 bytes for Chunk::new
# Possible reasons:
#   The system is out of physical RAM or swap space
#   The process is running with CompressedOops enabled, and the Java Heap may be blocking the growth of the native heap
# Possible solutions:
#   Reduce memory load on the system
#   Increase physical memory or swap space
#   Check if swap backing store is full
#   Decrease Java heap size (-Xmx/-Xms)
#   Decrease number of Java threads
#   Decrease Java thread stack sizes (-Xss)
#   Set larger code cache with -XX:ReservedCodeCacheSize=
#   JVM is running with Unscaled Compressed Oops mode in which the Java heap is
#     placed in the first 4GB address space. The Java Heap base address is the
#     maximum limit for the native heap growth. Please use -XX:HeapBaseMinAddress
#     to set the Java Heap base and to place the Java Heap above 4GB virtual address.
# This output file may be truncated or incomplete.
#
#  Out of Memory Error (./src/hotspot/share/memory/arena.cpp:197), pid=9676, tid=3268
#
# JRE version: OpenJDK Runtime Environment Microsoft-7208460 (11.0.18+10) (build 11.0.18+10-LTS)
# Java VM: OpenJDK 64-Bit Server VM Microsoft-7208460 (11.0.18+10-LTS, mixed mode, tiered, compressed oops, g1 gc, windows-amd64)
# No core dump will be written. Minidumps are not enabled by default on client versions of Windows
#

---------------  S U M M A R Y ------------

Command Line: -Xmx64m -Xms64m -Dorg.gradle.appname=gradlew org.gradle.wrapper.GradleWrapperMain tasks

Host: 11th Gen Intel(R) Core(TM) i5-1135G7 @ 2.40GHz, 8 cores, 7G,  Windows 10 , 64 bit Build 19041 (10.0.19041.3155)
Time: Tue Aug 15 17:44:31 2023 India Standard Time elapsed time: 0.481108 seconds (0d 0h 0m 0s)

---------------  T H R E A D  ---------------

Current thread (0x000001835642f000):  JavaThread "C2 CompilerThread0" daemon [_thread_in_native, id=3268, stack(0x0000007bad500000,0x0000007bad600000)]


Current CompileTask:
C2:    481  848       4       java.util.HashSet::add (20 bytes)

Stack: [0x0000007bad500000,0x0000007bad600000]
Native frames: (J=compiled Java code, j=interpreted, Vv=VM code, C=native code)
V  [jvm.dll+0x62bf8a]
V  [jvm.dll+0x7b8fb9]
V  [jvm.dll+0x7ba6a8]
V  [jvm.dll+0x7bad83]
V  [jvm.dll+0x250248]
V  [jvm.dll+0xc260c]
V  [jvm.dll+0xc2bcc]
V  [jvm.dll+0x2c4e64]
V  [jvm.dll+0x533dcc]
V  [jvm.dll+0x208c26]
V  [jvm.dll+0x20ae5d]
V  [jvm.dll+0x2083eb]
V  [jvm.dll+0x18a4b1]
V  [jvm.dll+0x217eec]
V  [jvm.dll+0x21612b]
V  [jvm.dll+0x77bac0]
V  [jvm.dll+0x7749f4]
V  [jvm.dll+0x62adf5]
C  [ucrtbase.dll+0x21bb2]
C  [KERNEL32.DLL+0x17614]
C  [ntdll.dll+0x526b1]


---------------  P R O C E S S  ---------------

Threads class SMR info:
_java_thread_list=0x00000183574f0a30, length=13, elements={
0x000001833b562800, 0x0000018356414800, 0x0000018356415800, 0x0000018356482800,
0x000001835642d000, 0x000001835642e000, 0x000001835642f000, 0x0000018356431800,
0x0000018356433000, 0x0000018356706000, 0x0000018356f57000, 0x0000018357b08000,
0x0000018357e0a800
}

Java Threads: ( => current thread )
  0x000001833b562800 JavaThread "main" [_thread_in_vm, id=17316, stack(0x0000007bac900000,0x0000007baca00000)]
  0x0000018356414800 JavaThread "Reference Handler" daemon [_thread_blocked, id=2816, stack(0x0000007bad000000,0x0000007bad100000)]
  0x0000018356415800 JavaThread "Finalizer" daemon [_thread_blocked, id=10700, stack(0x0000007bad100000,0x0000007bad200000)]
  0x0000018356482800 JavaThread "Signal Dispatcher" daemon [_thread_blocked, id=15552, stack(0x0000007bad200000,0x0000007bad300000)]
  0x000001835642d000 JavaThread "Attach Listener" daemon [_thread_blocked, id=2744, stack(0x0000007bad300000,0x0000007bad400000)]
  0x000001835642e000 JavaThread "Service Thread" daemon [_thread_blocked, id=488, stack(0x0000007bad400000,0x0000007bad500000)]
=>0x000001835642f000 JavaThread "C2 CompilerThread0" daemon [_thread_in_native, id=3268, stack(0x0000007bad500000,0x0000007bad600000)]
  0x0000018356431800 JavaThread "C1 CompilerThread0" daemon [_thread_blocked, id=12060, stack(0x0000007bad600000,0x0000007bad700000)]
  0x0000018356433000 JavaThread "Sweeper thread" daemon [_thread_blocked, id=9880, stack(0x0000007bad700000,0x0000007bad800000)]
  0x0000018356706000 JavaThread "Common-Cleaner" daemon [_thread_blocked, id=17184, stack(0x0000007bad900000,0x0000007bada00000)]
  0x0000018356f57000 JavaThread "C2 CompilerThread1" daemon [_thread_in_native, id=13684, stack(0x0000007bada00000,0x0000007badb00000)]
  0x0000018357b08000 JavaThread "C2 CompilerThread2" daemon [_thread_in_native, id=8692, stack(0x0000007badc00000,0x0000007badd00000)]
  0x0000018357e0a800 JavaThread "pool-1-thread-1" [_thread_blocked, id=11704, stack(0x0000007badd00000,0x0000007bade00000)]

Other Threads:
  0x00000183563f0000 VMThread "VM Thread" [stack: 0x0000007bacf00000,0x0000007bad000000] [id=16928]
  0x00000183566f8800 WatcherThread [stack: 0x0000007bad800000,0x0000007bad900000] [id=9260]
  0x000001833b57d000 GCTaskThread "GC Thread#0" [stack: 0x0000007baca00000,0x0000007bacb00000] [id=14940]
  0x00000183577ab800 GCTaskThread "GC Thread#1" [stack: 0x0000007badb00000,0x0000007badc00000] [id=10844]
  0x000001833b583800 ConcurrentGCThread "G1 Main Marker" [stack: 0x0000007bacb00000,0x0000007bacc00000] [id=13548]
  0x000001833b585000 ConcurrentGCThread "G1 Conc#0" [stack: 0x0000007bacc00000,0x0000007bacd00000] [id=9440]
  0x000001833b5e4800 ConcurrentGCThread "G1 Refine#0" [stack: 0x0000007bacd00000,0x0000007bace00000] [id=15168]
  0x000001833b5e5800 ConcurrentGCThread "G1 Young RemSet Sampling" [stack: 0x0000007bace00000,0x0000007bacf00000] [id=14604]

Threads with active compile tasks:
C2 CompilerThread0      495  848       4       java.util.HashSet::add (20 bytes)
C2 CompilerThread1      495  829  s!   4       jdk.internal.loader.URLClassPath::getLoader (194 bytes)
C2 CompilerThread2      495  864   !   4       jdk.internal.loader.URLClassPath$JarLoader::getResource (65 bytes)

VM state:not at safepoint (normal execution)

VM Mutex/Monitor currently owned by a thread: None

Heap address: 0x00000000fc000000, size: 64 MB, Compressed Oops mode: 32-bit
Narrow klass base: 0x0000000000000000, Narrow klass shift: 3
Compressed class space size: 1073741824 Address: 0x0000000100000000

Heap:
 garbage-first heap   total 65536K, used 13477K [0x00000000fc000000, 0x0000000100000000)
  region size 1024K, 7 young (7168K), 3 survivors (3072K)
 Metaspace       used 11297K, capacity 11483K, committed 11520K, reserved 1058816K
  class space    used 1184K, capacity 1274K, committed 1280K, reserved 1048576K
Heap Regions: E=young(eden), S=young(survivor), O=old, HS=humongous(starts), HC=humongous(continues), CS=collection set, F=free, A=archive, TAMS=top-at-mark-start (previous, next)
|   0|0x00000000fc000000, 0x00000000fc100000, 0x00000000fc100000|100%|HS|  |TAMS 0x00000000fc000000, 0x00000000fc000000| Complete 
|   1|0x00000000fc100000, 0x00000000fc200000, 0x00000000fc200000|100%|HC|  |TAMS 0x00000000fc100000, 0x00000000fc100000| Complete 
|   2|0x00000000fc200000, 0x00000000fc300000, 0x00000000fc300000|100%|HC|  |TAMS 0x00000000fc200000, 0x00000000fc200000| Complete 
|   3|0x00000000fc300000, 0x00000000fc400000, 0x00000000fc400000|100%|HC|  |TAMS 0x00000000fc300000, 0x00000000fc300000| Complete 
|   4|0x00000000fc400000, 0x00000000fc500000, 0x00000000fc500000|100%| O|  |TAMS 0x00000000fc400000, 0x00000000fc400000| Untracked 
|   5|0x00000000fc500000, 0x00000000fc600000, 0x00000000fc600000|100%| O|  |TAMS 0x00000000fc500000, 0x00000000fc500000| Untracked 
|   6|0x00000000fc600000, 0x00000000fc700000, 0x00000000fc700000|100%| O|  |TAMS 0x00000000fc600000, 0x00000000fc600000| Untracked 
|   7|0x00000000fc700000, 0x00000000fc729600, 0x00000000fc800000| 16%| O|  |TAMS 0x00000000fc700000, 0x00000000fc700000| Untracked 
|   8|0x00000000fc800000, 0x00000000fc800000, 0x00000000fc900000|  0%| F|  |TAMS 0x00000000fc800000, 0x00000000fc800000| Untracked 
|   9|0x00000000fc900000, 0x00000000fc900000, 0x00000000fca00000|  0%| F|  |TAMS 0x00000000fc900000, 0x00000000fc900000| Untracked 
|  10|0x00000000fca00000, 0x00000000fca00000, 0x00000000fcb00000|  0%| F|  |TAMS 0x00000000fca00000, 0x00000000fca00000| Untracked 
|  11|0x00000000fcb00000, 0x00000000fcb00000, 0x00000000fcc00000|  0%| F|  |TAMS 0x00000000fcb00000, 0x00000000fcb00000| Untracked 
|  12|0x00000000fcc00000, 0x00000000fcc00000, 0x00000000fcd00000|  0%| F|  |TAMS 0x00000000fcc00000, 0x00000000fcc00000| Untracked 
|  13|0x00000000fcd00000, 0x00000000fcd00000, 0x00000000fce00000|  0%| F|  |TAMS 0x00000000fcd00000, 0x00000000fcd00000| Untracked 
|  14|0x00000000fce00000, 0x00000000fce00000, 0x00000000fcf00000|  0%| F|  |TAMS 0x00000000fce00000, 0x00000000fce00000| Untracked 
|  15|0x00000000fcf00000, 0x00000000fcf00000, 0x00000000fd000000|  0%| F|  |TAMS 0x00000000fcf00000, 0x00000000fcf00000| Untracked 
|  16|0x00000000fd000000, 0x00000000fd000000, 0x00000000fd100000|  0%| F|  |TAMS 0x00000000fd000000, 0x00000000fd000000| Untracked 
|  17|0x00000000fd100000, 0x00000000fd100000, 0x00000000fd200000|  0%| F|  |TAMS 0x00000000fd100000, 0x00000000fd100000| Untracked 
|  18|0x00000000fd200000, 0x00000000fd200000, 0x00000000fd300000|  0%| F|  |TAMS 0x00000000fd200000, 0x00000000fd200000| Untracked 
|  19|0x00000000fd300000, 0x00000000fd300000, 0x00000000fd400000|  0%| F|  |TAMS 0x00000000fd300000, 0x00000000fd300000| Untracked 
|  20|0x00000000fd400000, 0x00000000fd400000, 0x00000000fd500000|  0%| F|  |TAMS 0x00000000fd400000, 0x00000000fd400000| Untracked 
|  21|0x00000000fd500000, 0x00000000fd500000, 0x00000000fd600000|  0%| F|  |TAMS 0x00000000fd500000, 0x00000000fd500000| Untracked 
|  22|0x00000000fd600000, 0x00000000fd600000, 0x00000000fd700000|  0%| F|  |TAMS 0x00000000fd600000, 0x00000000fd600000| Untracked 
|  23|0x00000000fd700000, 0x00000000fd700000, 0x00000000fd800000|  0%| F|  |TAMS 0x00000000fd700000, 0x00000000fd700000| Untracked 
|  24|0x00000000fd800000, 0x00000000fd800000, 0x00000000fd900000|  0%| F|  |TAMS 0x00000000fd800000, 0x00000000fd800000| Untracked 
|  25|0x00000000fd900000, 0x00000000fd900000, 0x00000000fda00000|  0%| F|  |TAMS 0x00000000fd900000, 0x00000000fd900000| Untracked 
|  26|0x00000000fda00000, 0x00000000fda00000, 0x00000000fdb00000|  0%| F|  |TAMS 0x00000000fda00000, 0x00000000fda00000| Untracked 
|  27|0x00000000fdb00000, 0x00000000fdb00000, 0x00000000fdc00000|  0%| F|  |TAMS 0x00000000fdb00000, 0x00000000fdb00000| Untracked 
|  28|0x00000000fdc00000, 0x00000000fdc00000, 0x00000000fdd00000|  0%| F|  |TAMS 0x00000000fdc00000, 0x00000000fdc00000| Untracked 
|  29|0x00000000fdd00000, 0x00000000fdd00000, 0x00000000fde00000|  0%| F|  |TAMS 0x00000000fdd00000, 0x00000000fdd00000| Untracked 
|  30|0x00000000fde00000, 0x00000000fde00000, 0x00000000fdf00000|  0%| F|  |TAMS 0x00000000fde00000, 0x00000000fde00000| Untracked 
|  31|0x00000000fdf00000, 0x00000000fdf00000, 0x00000000fe000000|  0%| F|  |TAMS 0x00000000fdf00000, 0x00000000fdf00000| Untracked 
|  32|0x00000000fe000000, 0x00000000fe000000, 0x00000000fe100000|  0%| F|  |TAMS 0x00000000fe000000, 0x00000000fe000000| Untracked 
|  33|0x00000000fe100000, 0x00000000fe100000, 0x00000000fe200000|  0%| F|  |TAMS 0x00000000fe100000, 0x00000000fe100000| Untracked 
|  34|0x00000000fe200000, 0x00000000fe200000, 0x00000000fe300000|  0%| F|  |TAMS 0x00000000fe200000, 0x00000000fe200000| Untracked 
|  35|0x00000000fe300000, 0x00000000fe300000, 0x00000000fe400000|  0%| F|  |TAMS 0x00000000fe300000, 0x00000000fe300000| Untracked 
|  36|0x00000000fe400000, 0x00000000fe400000, 0x00000000fe500000|  0%| F|  |TAMS 0x00000000fe400000, 0x00000000fe400000| Untracked 
|  37|0x00000000fe500000, 0x00000000fe600000, 0x00000000fe600000|100%| S|CS|TAMS 0x00000000fe500000, 0x00000000fe500000| Complete 
|  38|0x00000000fe600000, 0x00000000fe700000, 0x00000000fe700000|100%| S|CS|TAMS 0x00000000fe600000, 0x00000000fe600000| Complete 
|  39|0x00000000fe700000, 0x00000000fe800000, 0x00000000fe800000|100%| S|CS|TAMS 0x00000000fe700000, 0x00000000fe700000| Complete 
|  40|0x00000000fe800000, 0x00000000fe800000, 0x00000000fe900000|  0%| F|  |TAMS 0x00000000fe800000, 0x00000000fe800000| Untracked 
|  41|0x00000000fe900000, 0x00000000fe900000, 0x00000000fea00000|  0%| F|  |TAMS 0x00000000fe900000, 0x00000000fe900000| Untracked 
|  42|0x00000000fea00000, 0x00000000fea00000, 0x00000000feb00000|  0%| F|  |TAMS 0x00000000fea00000, 0x00000000fea00000| Untracked 
|  43|0x00000000feb00000, 0x00000000feb00000, 0x00000000fec00000|  0%| F|  |TAMS 0x00000000feb00000, 0x00000000feb00000| Untracked 
|  44|0x00000000fec00000, 0x00000000fec00000, 0x00000000fed00000|  0%| F|  |TAMS 0x00000000fec00000, 0x00000000fec00000| Untracked 
|  45|0x00000000fed00000, 0x00000000fed00000, 0x00000000fee00000|  0%| F|  |TAMS 0x00000000fed00000, 0x00000000fed00000| Untracked 
|  46|0x00000000fee00000, 0x00000000fee00000, 0x00000000fef00000|  0%| F|  |TAMS 0x00000000fee00000, 0x00000000fee00000| Untracked 
|  47|0x00000000fef00000, 0x00000000fef00000, 0x00000000ff000000|  0%| F|  |TAMS 0x00000000fef00000, 0x00000000fef00000| Untracked 
|  48|0x00000000ff000000, 0x00000000ff000000, 0x00000000ff100000|  0%| F|  |TAMS 0x00000000ff000000, 0x00000000ff000000| Untracked 
|  49|0x00000000ff100000, 0x00000000ff100000, 0x00000000ff200000|  0%| F|  |TAMS 0x00000000ff100000, 0x00000000ff100000| Untracked 
|  50|0x00000000ff200000, 0x00000000ff200000, 0x00000000ff300000|  0%| F|  |TAMS 0x00000000ff200000, 0x00000000ff200000| Untracked 
|  51|0x00000000ff300000, 0x00000000ff300000, 0x00000000ff400000|  0%| F|  |TAMS 0x00000000ff300000, 0x00000000ff300000| Untracked 
|  52|0x00000000ff400000, 0x00000000ff400000, 0x00000000ff500000|  0%| F|  |TAMS 0x00000000ff400000, 0x00000000ff400000| Untracked 
|  53|0x00000000ff500000, 0x00000000ff500000, 0x00000000ff600000|  0%| F|  |TAMS 0x00000000ff500000, 0x00000000ff500000| Untracked 
|  54|0x00000000ff600000, 0x00000000ff600000, 0x00000000ff700000|  0%| F|  |TAMS 0x00000000ff600000, 0x00000000ff600000| Untracked 
|  55|0x00000000ff700000, 0x00000000ff700000, 0x00000000ff800000|  0%| F|  |TAMS 0x00000000ff700000, 0x00000000ff700000| Untracked 
|  56|0x00000000ff800000, 0x00000000ff800000, 0x00000000ff900000|  0%| F|  |TAMS 0x00000000ff800000, 0x00000000ff800000| Untracked 
|  57|0x00000000ff900000, 0x00000000ff900000, 0x00000000ffa00000|  0%| F|  |TAMS 0x00000000ff900000, 0x00000000ff900000| Untracked 
|  58|0x00000000ffa00000, 0x00000000ffa00000, 0x00000000ffb00000|  0%| F|  |TAMS 0x00000000ffa00000, 0x00000000ffa00000| Untracked 
|  59|0x00000000ffb00000, 0x00000000ffb00000, 0x00000000ffc00000|  0%| F|  |TAMS 0x00000000ffb00000, 0x00000000ffb00000| Untracked 
|  60|0x00000000ffc00000, 0x00000000ffcc0c88, 0x00000000ffd00000| 75%| E|  |TAMS 0x00000000ffc00000, 0x00000000ffc00000| Complete 
|  61|0x00000000ffd00000, 0x00000000ffe00000, 0x00000000ffe00000|100%| E|CS|TAMS 0x00000000ffd00000, 0x00000000ffd00000| Complete 
|  62|0x00000000ffe00000, 0x00000000fff00000, 0x00000000fff00000|100%| E|CS|TAMS 0x00000000ffe00000, 0x00000000ffe00000| Complete 
|  63|0x00000000fff00000, 0x0000000100000000, 0x0000000100000000|100%| E|CS|TAMS 0x00000000fff00000, 0x00000000fff00000| Complete 

Card table byte_map: [0x000001833b4c0000,0x000001833b4e0000] _byte_map_base: 0x000001833ace0000

Marking Bits (Prev, Next): (CMBitMap*) 0x000001833b5827d8, (CMBitMap*) 0x000001833b582810
 Prev Bits: [0x0000018353010000, 0x0000018353110000)
 Next Bits: [0x0000018353110000, 0x0000018353210000)

Polling page: 0x0000018339490000

Metaspace:

Usage:
  Non-class:      9.97 MB capacity,     9.88 MB (>99%) used,    83.95 KB ( <1%) free+waste,    12.38 KB ( <1%) overhead. 
      Class:      1.24 MB capacity,     1.16 MB ( 93%) used,    83.38 KB (  7%) free+waste,     6.13 KB ( <1%) overhead. 
       Both:     11.21 MB capacity,    11.03 MB ( 98%) used,   167.34 KB (  1%) free+waste,    18.50 KB ( <1%) overhead. 

Virtual space:
  Non-class space:       10.00 MB reserved,      10.00 MB (100%) committed 
      Class space:        1.00 GB reserved,       1.25 MB ( <1%) committed 
             Both:        1.01 GB reserved,      11.25 MB (  1%) committed 

Chunk freelists:
   Non-Class:  31.00 KB
       Class:  6.00 KB
        Both:  37.00 KB

MaxMetaspaceSize: 17179869184.00 GB
CompressedClassSpaceSize: 1.00 GB
Initial GC threshold: 20.80 MB
Current GC threshold: 20.80 MB
CDS: off

CodeHeap 'non-profiled nmethods': size=120000Kb used=311Kb max_used=311Kb free=119688Kb
 bounds [0x000001834b7b0000, 0x000001834ba20000, 0x0000018352ce0000]
CodeHeap 'profiled nmethods': size=120000Kb used=1789Kb max_used=1789Kb free=118210Kb
 bounds [0x0000018344280000, 0x00000183444f0000, 0x000001834b7b0000]
CodeHeap 'non-nmethods': size=5760Kb used=1163Kb max_used=1163Kb free=4596Kb
 bounds [0x0000018343ce0000, 0x0000018343f50000, 0x0000018344280000]
 total_blobs=1304 nmethods=924 adapters=291
 compilation: enabled
              stopped_count=0, restarted_count=0
 full_count=0

Compilation events (20 events):
Event: 0.461 Thread 0x0000018356431800  922  s!   3       java.util.jar.JarFile::ensureInitialization (74 bytes)
Event: 0.461 Thread 0x0000018356431800 nmethod 922 0x0000018344439410 code [0x00000183444396e0, 0x000001834443a8c8]
Event: 0.461 Thread 0x0000018356431800  923       3       java.util.jar.Manifest::getAttributes (14 bytes)
Event: 0.461 Thread 0x0000018356431800 nmethod 923 0x000001834443ad90 code [0x000001834443af60, 0x000001834443b228]
Event: 0.462 Thread 0x0000018356431800  924       3       java.lang.Enum::<init> (15 bytes)
Event: 0.462 Thread 0x0000018356431800 nmethod 924 0x000001834443b310 code [0x000001834443b4c0, 0x000001834443b678]
Event: 0.462 Thread 0x0000018356431800  925   !   3       java.util.zip.ZipFile::getInputStream (323 bytes)
Event: 0.462 Thread 0x000001835642f000 nmethod 867 0x000001834b7fca90 code [0x000001834b7fcc60, 0x000001834b7fce28]
Event: 0.462 Thread 0x000001835642f000  810       4       java.lang.String::substring (58 bytes)
Event: 0.463 Thread 0x0000018356431800 nmethod 925 0x000001834443b710 code [0x000001834443ba80, 0x000001834443d378]
Event: 0.463 Thread 0x0000018356431800  926       3       java.util.zip.ZipFile$ZipFileInflaterInputStream::<init> (14 bytes)
Event: 0.463 Thread 0x0000018356431800 nmethod 926 0x000001834443e190 code [0x000001834443e360, 0x000001834443e578]
Event: 0.466 Thread 0x000001835642f000 nmethod 810 0x000001834b7fd010 code [0x000001834b7fd1c0, 0x000001834b7fd698]
Event: 0.466 Thread 0x000001835642f000  903       4       java.util.Objects::requireNonNull (14 bytes)
Event: 0.466 Thread 0x000001835642f000 nmethod 903 0x000001834b7fd910 code [0x000001834b7fdaa0, 0x000001834b7fdaf8]
Event: 0.466 Thread 0x000001835642f000  848       4       java.util.HashSet::add (20 bytes)
Event: 0.467 Thread 0x0000018356431800  927       3       java.lang.invoke.MemberName$Factory::resolveOrFail (53 bytes)
Event: 0.467 Thread 0x0000018356431800 nmethod 927 0x000001834443e690 code [0x000001834443e8c0, 0x000001834443ef78]
Event: 0.469 Thread 0x0000018356431800  928       3       java.lang.reflect.Modifier::isProtected (12 bytes)
Event: 0.469 Thread 0x0000018356431800 nmethod 928 0x000001834443f210 code [0x000001834443f3c0, 0x000001834443f4f8]

GC Heap History (2 events):
Event: 0.420 GC heap before
{Heap before GC invocations=0 (full 0):
 garbage-first heap   total 65536K, used 27648K [0x00000000fc000000, 0x0000000100000000)
  region size 1024K, 24 young (24576K), 0 survivors (0K)
 Metaspace       used 10592K, capacity 10787K, committed 11008K, reserved 1058816K
  class space    used 1073K, capacity 1167K, committed 1280K, reserved 1048576K
}
Event: 0.426 GC heap after
{Heap after GC invocations=1 (full 0):
 garbage-first heap   total 65536K, used 10405K [0x00000000fc000000, 0x0000000100000000)
  region size 1024K, 3 young (3072K), 3 survivors (3072K)
 Metaspace       used 10592K, capacity 10787K, committed 11008K, reserved 1058816K
  class space    used 1073K, capacity 1167K, committed 1280K, reserved 1048576K
}

Deoptimization events (20 events):
Event: 0.389 Thread 0x000001833b562800 Uncommon trap: trap_request=0xffffffde fr.pc=0x000001834b7cebac relative=0x000000000000038c
Event: 0.389 Thread 0x000001833b562800 Uncommon trap: reason=class_check action=maybe_recompile pc=0x000001834b7cebac method=java.util.regex.Matcher.match(II)Z @ 121 c2
Event: 0.389 Thread 0x000001833b562800 DEOPT PACKING pc=0x000001834b7cebac sp=0x0000007bac9fcf20
Event: 0.389 Thread 0x000001833b562800 DEOPT UNPACKING pc=0x0000018343ce85af sp=0x0000007bac9fcec8 mode 2
Event: 0.389 Thread 0x000001833b562800 Uncommon trap: trap_request=0xffffffde fr.pc=0x000001834b7cebac relative=0x000000000000038c
Event: 0.389 Thread 0x000001833b562800 Uncommon trap: reason=class_check action=maybe_recompile pc=0x000001834b7cebac method=java.util.regex.Matcher.match(II)Z @ 121 c2
Event: 0.389 Thread 0x000001833b562800 DEOPT PACKING pc=0x000001834b7cebac sp=0x0000007bac9fcf20
Event: 0.389 Thread 0x000001833b562800 DEOPT UNPACKING pc=0x0000018343ce85af sp=0x0000007bac9fcec8 mode 2
Event: 0.389 Thread 0x000001833b562800 Uncommon trap: trap_request=0xffffffde fr.pc=0x000001834b7cebac relative=0x000000000000038c
Event: 0.389 Thread 0x000001833b562800 Uncommon trap: reason=class_check action=maybe_recompile pc=0x000001834b7cebac method=java.util.regex.Matcher.match(II)Z @ 121 c2
Event: 0.389 Thread 0x000001833b562800 DEOPT PACKING pc=0x000001834b7cebac sp=0x0000007bac9fcda0
Event: 0.389 Thread 0x000001833b562800 DEOPT UNPACKING pc=0x0000018343ce85af sp=0x0000007bac9fcd48 mode 2
Event: 0.389 Thread 0x000001833b562800 Uncommon trap: trap_request=0xffffffde fr.pc=0x000001834b7cebac relative=0x000000000000038c
Event: 0.389 Thread 0x000001833b562800 Uncommon trap: reason=class_check action=maybe_recompile pc=0x000001834b7cebac method=java.util.regex.Matcher.match(II)Z @ 121 c2
Event: 0.389 Thread 0x000001833b562800 DEOPT PACKING pc=0x000001834b7cebac sp=0x0000007bac9fcda0
Event: 0.389 Thread 0x000001833b562800 DEOPT UNPACKING pc=0x0000018343ce85af sp=0x0000007bac9fcd48 mode 2
Event: 0.392 Thread 0x000001833b562800 Uncommon trap: trap_request=0xffffff4d fr.pc=0x000001834b7f08d0 relative=0x0000000000000210
Event: 0.392 Thread 0x000001833b562800 Uncommon trap: reason=unstable_if action=reinterpret pc=0x000001834b7f08d0 method=java.util.HashMap.hash(Ljava/lang/Object;)I @ 1 c2
Event: 0.392 Thread 0x000001833b562800 DEOPT PACKING pc=0x000001834b7f08d0 sp=0x0000007bac9fce80
Event: 0.392 Thread 0x000001833b562800 DEOPT UNPACKING pc=0x0000018343ce85af sp=0x0000007bac9fcdb8 mode 2

Classes redefined (0 events):
No events

Internal exceptions (8 events):
Event: 0.119 Thread 0x000001833b562800 Exception <a 'java/lang/NoSuchMethodError'{0x00000000ffc62728}: 'int java.lang.invoke.DirectMethodHandle$Holder.invokeStaticInit(java.lang.Object, java.lang.Object)'> (0x00000000ffc62728) thrown at [./src/hotspot/share/interpreter/linkResolver.cpp, line 773]
Event: 0.141 Thread 0x000001833b562800 Exception <a 'java/lang/NoSuchMethodError'{0x00000000ffb38ce8}: 'int java.lang.invoke.DirectMethodHandle$Holder.invokeSpecial(java.lang.Object, java.lang.Object, java.lang.Object, java.lang.Object)'> (0x00000000ffb38ce8) thrown at [./src/hotspot/share/interpreter/linkResolver.cpp, line 773]
Event: 0.144 Thread 0x000001833b562800 Exception <a 'java/lang/NoSuchMethodError'{0x00000000ffb71648}: 'int java.lang.invoke.DirectMethodHandle$Holder.invokeSpecialIFC(java.lang.Object, java.lang.Object, int)'> (0x00000000ffb71648) thrown at [./src/hotspot/share/interpreter/linkResolver.cpp, line 773]
Event: 0.392 Thread 0x000001833b562800 Implicit null exception at 0x000001834b7f06f5 to 0x000001834b7f08c0
Event: 0.414 Thread 0x000001833b562800 Exception <a 'java/lang/NoClassDefFoundError'{0x00000000fe86ef30}: org/slf4j/impl/StaticMarkerBinder> (0x00000000fe86ef30) thrown at [./src/hotspot/share/classfile/systemDictionary.cpp, line 219]
Event: 0.434 Thread 0x000001833b562800 Exception <a 'java/lang/NoSuchMethodError'{0x00000000fff71260}: 'java.lang.Object java.lang.invoke.DirectMethodHandle$Holder.invokeVirtual(java.lang.Object, java.lang.Object, java.lang.Object, java.lang.Object, java.lang.Object, java.lang.Object, java.lang.Object)'> (0x00000000fff71260) thrown at [./src/hotspot/share/interpreter/linkResolver.cpp, line 773]
Event: 0.436 Thread 0x000001833b562800 Exception <a 'java/lang/NoSuchMethodError'{0x00000000fffc51f8}: 'java.lang.Object java.lang.invoke.Invokers$Holder.invoker(java.lang.Object, java.lang.Object, java.lang.Object)'> (0x00000000fffc51f8) thrown at [./src/hotspot/share/interpreter/linkResolver.cpp, line 773]
Event: 0.438 Thread 0x000001833b562800 Exception <a 'java/lang/NoSuchMethodError'{0x00000000fffd5e10}: 'void java.lang.invoke.DelegatingMethodHandle$Holder.delegate(java.lang.Object, java.lang.Object, int, java.lang.Object)'> (0x00000000fffd5e10) thrown at [./src/hotspot/share/interpreter/linkResolver.cpp, line 773]

Events (20 events):
Event: 0.468 loading class java/time/temporal/TemporalAmount done
Event: 0.468 loading class java/time/Duration done
Event: 0.469 loading class org/gradle/launcher/daemon/configuration/DaemonServerConfiguration
Event: 0.469 loading class org/gradle/launcher/daemon/configuration/DaemonServerConfiguration done
Event: 0.469 loading class org/gradle/StartParameter
Event: 0.469 loading class org/gradle/StartParameter done
Event: 0.469 loading class org/gradle/concurrent/ParallelismConfiguration
Event: 0.469 loading class org/gradle/concurrent/ParallelismConfiguration done
Event: 0.470 loading class org/gradle/api/internal/StartParameterInternal
Event: 0.470 loading class org/gradle/api/internal/StartParameterInternal done
Event: 0.470 loading class org/gradle/launcher/exec/BuildActionExecuter
Event: 0.470 loading class org/gradle/launcher/exec/BuildActionExecuter done
Event: 0.470 loading class org/gradle/launcher/exec/BuildActionParameters
Event: 0.470 loading class org/gradle/launcher/exec/BuildActionParameters done
Event: 0.470 loading class org/gradle/internal/service/ServiceRegistryBuilder
Event: 0.470 loading class org/gradle/internal/service/ServiceRegistryBuilder done
Event: 0.470 loading class org/gradle/internal/service/scopes/BasicGlobalScopeServices
Event: 0.470 loading class org/gradle/internal/service/scopes/BasicGlobalScopeServices done
Event: 0.471 loading class org/gradle/api/internal/file/FileCollectionFactory
Event: 0.471 loading class org/gradle/api/internal/file/FileCollectionFactory done


Dynamic libraries:
0x00007ff69a270000 - 0x00007ff69a27d000 	C:\Program Files\Microsoft\jdk-11.0.18.10-hotspot\bin\java.exe
0x00007ffe512b0000 - 0x00007ffe514a8000 	C:\Windows\SYSTEM32\ntdll.dll
0x00007ffe4f920000 - 0x00007ffe4f9df000 	C:\Windows\System32\KERNEL32.DLL
0x00007ffe4efc0000 - 0x00007ffe4f2b6000 	C:\Windows\System32\KERNELBASE.dll
0x00007ffe4ede0000 - 0x00007ffe4eee0000 	C:\Windows\System32\ucrtbase.dll
0x00007ffe3d960000 - 0x00007ffe3d977000 	C:\Program Files\Microsoft\jdk-11.0.18.10-hotspot\bin\jli.dll
0x00007ffe47340000 - 0x00007ffe47355000 	C:\Program Files\Microsoft\jdk-11.0.18.10-hotspot\bin\VCRUNTIME140.dll
0x00007ffe510d0000 - 0x00007ffe5126d000 	C:\Windows\System32\USER32.dll
0x00007ffe3e7f0000 - 0x00007ffe3ea8a000 	C:\Windows\WinSxS\amd64_microsoft.windows.common-controls_6595b64144ccf1df_6.0.19041.1110_none_60b5254171f9507e\COMCTL32.dll
0x00007ffe4eee0000 - 0x00007ffe4ef02000 	C:\Windows\System32\win32u.dll
0x00007ffe4f3c0000 - 0x00007ffe4f3ec000 	C:\Windows\System32\GDI32.dll
0x00007ffe50340000 - 0x00007ffe503de000 	C:\Windows\System32\msvcrt.dll
0x00007ffe4ec20000 - 0x00007ffe4ed35000 	C:\Windows\System32\gdi32full.dll
0x00007ffe4ed40000 - 0x00007ffe4eddd000 	C:\Windows\System32\msvcp_win.dll
0x00007ffe4f720000 - 0x00007ffe4f750000 	C:\Windows\System32\IMM32.DLL
0x00007ffe18d30000 - 0x00007ffe18dcb000 	C:\Program Files\Microsoft\jdk-11.0.18.10-hotspot\bin\msvcp140.dll
0x00007ffdef2e0000 - 0x00007ffdefe72000 	C:\Program Files\Microsoft\jdk-11.0.18.10-hotspot\bin\server\jvm.dll
0x00007ffe4f3f0000 - 0x00007ffe4f49f000 	C:\Windows\System32\ADVAPI32.dll
0x00007ffe4f750000 - 0x00007ffe4f7ec000 	C:\Windows\System32\sechost.dll
0x00007ffe50210000 - 0x00007ffe50336000 	C:\Windows\System32\RPCRT4.dll
0x00007ffe50520000 - 0x00007ffe50528000 	C:\Windows\System32\PSAPI.DLL
0x00007ffe454d0000 - 0x00007ffe454f7000 	C:\Windows\SYSTEM32\WINMM.dll
0x00007ffe433c0000 - 0x00007ffe433c9000 	C:\Windows\SYSTEM32\WSOCK32.dll
0x00007ffe48350000 - 0x00007ffe4835a000 	C:\Windows\SYSTEM32\VERSION.dll
0x00007ffe503e0000 - 0x00007ffe5044b000 	C:\Windows\System32\WS2_32.dll
0x00007ffe4d1c0000 - 0x00007ffe4d1d2000 	C:\Windows\SYSTEM32\kernel.appcore.dll
0x00007ffe47330000 - 0x00007ffe47340000 	C:\Program Files\Microsoft\jdk-11.0.18.10-hotspot\bin\verify.dll
0x00007ffe4c5a0000 - 0x00007ffe4c784000 	C:\Windows\SYSTEM32\DBGHELP.DLL
0x00007ffe2d730000 - 0x00007ffe2d764000 	C:\Windows\SYSTEM32\dbgcore.DLL
0x00007ffe4eb60000 - 0x00007ffe4ebe2000 	C:\Windows\System32\bcryptPrimitives.dll
0x00007ffe2cc80000 - 0x00007ffe2cca8000 	C:\Program Files\Microsoft\jdk-11.0.18.10-hotspot\bin\java.dll
0x00007ffe3e100000 - 0x00007ffe3e10a000 	C:\Program Files\Microsoft\jdk-11.0.18.10-hotspot\bin\jimage.dll
0x00007ffe35930000 - 0x00007ffe35948000 	C:\Program Files\Microsoft\jdk-11.0.18.10-hotspot\bin\zip.dll
0x00007ffe4f9e0000 - 0x00007ffe50124000 	C:\Windows\System32\SHELL32.dll
0x00007ffe4ca10000 - 0x00007ffe4d1a3000 	C:\Windows\SYSTEM32\windows.storage.dll
0x00007ffe509b0000 - 0x00007ffe50d04000 	C:\Windows\System32\combase.dll
0x00007ffe4e3d0000 - 0x00007ffe4e3fe000 	C:\Windows\SYSTEM32\Wldp.dll
0x00007ffe50fc0000 - 0x00007ffe5106d000 	C:\Windows\System32\SHCORE.dll
0x00007ffe4f4a0000 - 0x00007ffe4f4f5000 	C:\Windows\System32\shlwapi.dll
0x00007ffe4e8c0000 - 0x00007ffe4e8e5000 	C:\Windows\SYSTEM32\profapi.dll
0x00007ffe2daf0000 - 0x00007ffe2db09000 	C:\Program Files\Microsoft\jdk-11.0.18.10-hotspot\bin\net.dll
0x00007ffe49c00000 - 0x00007ffe49d0a000 	C:\Windows\SYSTEM32\WINHTTP.dll
0x00007ffe4e130000 - 0x00007ffe4e19a000 	C:\Windows\system32\mswsock.dll
0x00007ffe2d8d0000 - 0x00007ffe2d8e3000 	C:\Program Files\Microsoft\jdk-11.0.18.10-hotspot\bin\nio.dll
0x00007ffe29860000 - 0x00007ffe29887000 	C:\Users\DB-L-161\.gradle\native\68d5fa5c4cc2d200863cafc0d521ce42e7d3e7ee720ec0a83991735586a16f82\windows-amd64\native-platform.dll

dbghelp: loaded successfully - version: 4.0.5 - missing functions: none
symbol engine: initialized successfully - sym options: 0x614 - pdb path: .;C:\Program Files\Microsoft\jdk-11.0.18.10-hotspot\bin;C:\Windows\SYSTEM32;C:\Windows\WinSxS\amd64_microsoft.windows.common-controls_6595b64144ccf1df_6.0.19041.1110_none_60b5254171f9507e;C:\Program Files\Microsoft\jdk-11.0.18.10-hotspot\bin\server;C:\Users\DB-L-161\.gradle\native\68d5fa5c4cc2d200863cafc0d521ce42e7d3e7ee720ec0a83991735586a16f82\windows-amd64

VM Arguments:
jvm_args: -Xmx64m -Xms64m -Dorg.gradle.appname=gradlew 
java_command: org.gradle.wrapper.GradleWrapperMain tasks
java_class_path (initial): D:\EcommerceProject\android\\gradle\wrapper\gradle-wrapper.jar
Launcher Type: SUN_STANDARD

[Global flags]
     intx CICompilerCount                          = 4                                         {product} {ergonomic}
     uint ConcGCThreads                            = 2                                         {product} {ergonomic}
     uint G1ConcRefinementThreads                  = 8                                         {product} {ergonomic}
   size_t G1HeapRegionSize                         = 1048576                                   {product} {ergonomic}
    uintx GCDrainStackTargetSize                   = 64                                        {product} {ergonomic}
   size_t InitialHeapSize                          = 67108864                                  {product} {command line}
   size_t MarkStackSize                            = 4194304                                   {product} {ergonomic}
   size_t MaxHeapSize                              = 67108864                                  {product} {command line}
   size_t MaxNewSize                               = 39845888                                  {product} {ergonomic}
   size_t MinHeapDeltaBytes                        = 1048576                                   {product} {ergonomic}
    uintx NonNMethodCodeHeapSize                   = 5836300                                {pd product} {ergonomic}
    uintx NonProfiledCodeHeapSize                  = 122910970                              {pd product} {ergonomic}
    uintx ProfiledCodeHeapSize                     = 122910970                              {pd product} {ergonomic}
    uintx ReservedCodeCacheSize                    = 251658240                              {pd product} {ergonomic}
     bool SegmentedCodeCache                       = true                                      {product} {ergonomic}
     bool UseCompressedClassPointers               = true                                 {lp64_product} {ergonomic}
     bool UseCompressedOops                        = true                                 {lp64_product} {ergonomic}
     bool UseG1GC                                  = true                                      {product} {ergonomic}
     bool UseLargePagesIndividualAllocation        = false                                  {pd product} {ergonomic}

Logging:
Log output configuration:
 #0: stdout all=warning uptime,level,tags
 #1: stderr all=off uptime,level,tags

Environment Variables:
JAVA_HOME=C:\Program Files\Microsoft\jdk-11.0.18.10-hotspot
CLASSPATH=D:\EcommerceProject\android\\gradle\wrapper\gradle-wrapper.jar
PATH=D:\EcommerceProject\node_modules\.bin;D:\node_modules\.bin;C:\Users\DB-L-161\AppData\Roaming\nvm\v18.0.0\node_modules\npm\node_modules\@npmcli\run-script\lib\node-gyp-bin;D:\EcommerceProject\node_modules\.bin;D:\EcommerceProject\node_modules\.bin;D:\node_modules\.bin;C:\Users\DB-L-161\AppData\Roaming\nvm\v18.0.0\node_modules\npm\node_modules\@npmcli\run-script\lib\node-gyp-bin;C:\Users\DB-L-161\bin;C:\Program Files\Git\mingw64\bin;C:\Program Files\Git\usr\local\bin;C:\Program Files\Git\usr\bin;C:\Program Files\Git\usr\bin;C:\Program Files\Git\mingw64\bin;C:\Program Files\Git\usr\bin;C:\Users\DB-L-161\bin;C:\Users\DB-L-161\AppData\Local\Programs\Python\Python310\Scripts;C:\Users\DB-L-161\AppData\Local\Programs\Python\Python310;C:\Program Files\Microsoft\jdk-11.0.18.10-hotspot\bin;C:\Program Files\Microsoft SQL Server\Client SDK\ODBC\170\Tools\Binn;C:\Program Files (x86)\Microsoft SQL Server\150\Tools\Binn;C:\Program Files\Microsoft SQL Server\150\Tools\Binn;C:\Program Files\Microsoft SQL Server\150\DTS\Binn;C:\Program Files\Git\cmd;C:\Users\DB-L-161\AppData\Roaming\nvm;C:\Program Files\nodejs;C:\Program Files\nodejs;C:\Program Files\Git\cmd;C:\Users\DB-L-161;C:\Windows\System32\WindowsPowerShell\v1.0;C:\Windows\System32;C:\Windows\System32\WindowsPowerShell\v1.0;C:\Program Files\dotnet;C:\ProgramData\chocolatey\bin;C:\Users\DB-L-161\C;C:\Program Files\Git\Windows\system32;C:\Users\DB-L-161\AppData\Local\Programs\Microsoft VS Code\bin;C:\Program Files\Azure Data Studio\bin;C:\Users\DB-L-161\AppData\Roaming\nvm;C:\Program Files\nodejs;C:\Users\DB-L-161\AppData\Roaming\npm;C:\src\flutter\bin;C:\Users\DB-L-161\AppData\Local\Android\Sdk\platform-tools;C:\Program Files\Git\usr\bin\vendor_perl;C:\Program Files\Git\usr\bin\core_perl
USERNAME=DB-L-161
SHELL=C:\Program Files\Git\usr\bin\bash.exe
DISPLAY=needs-to-be-defined
LANG=en_US.UTF-8
LC_CTYPE=en_US.UTF-8
TERM=xterm
TMPDIR=C:\Users\DB-L-161\AppData\Local\Temp
OS=Windows_NT
PROCESSOR_IDENTIFIER=Intel64 Family 6 Model 140 Stepping 1, GenuineIntel
TMP=C:\Users\DB-L-161\AppData\Local\Temp
TEMP=C:\Users\DB-L-161\AppData\Local\Temp



---------------  S Y S T E M  ---------------

OS: Windows 10 , 64 bit Build 19041 (10.0.19041.3155)
OS uptime: 2 days 1:01 hours

CPU:total 8 (initial active 8) (4 cores per cpu, 2 threads per core) family 6 model 140 stepping 1 microcode 0xac, cmov, cx8, fxsr, mmx, sse, sse2, sse3, ssse3, sse4.1, sse4.2, popcnt, avx, avx2, aes, clmul, erms, 3dnowpref, lzcnt, ht, tsc, tscinvbit, bmi1, bmi2, adx, evex, sha, fma

Memory: 4k page, system-wide physical 7918M (1024M free)
TotalPageFile size 21657M (AvailPageFile size 28M)
current process WorkingSet (physical memory assigned to process): 93M, peak: 96M
current process commit charge ("private bytes"): 167M, peak: 169M

vm_info: OpenJDK 64-Bit Server VM (11.0.18+10-LTS) for windows-amd64 JRE (11.0.18+10-LTS), built on Jan 18 2023 15:56:47 by "MicrosoftCorporation" with MS VC++ 15.9 (VS2017)

END.
